<?xml version="1.0" encoding="UTF-8"?>
<!-- Generated by org.testng.reporters.JUnitReportReporter -->
<testsuite hostname="DESKTOP-AKR0HJF" failures="0" tests="2" name="Tops.XL_fileReader.data_driven" time="8.214" errors="0" timestamp="2024-02-01T13:23:45 IST" skipped="0">
  <testcase classname="Tops.XL_fileReader.data_driven" name="login" time="4.311"/>
  <testcase classname="Tops.XL_fileReader.data_driven" name="login" time="3.903"/>
</testsuite> <!-- Tops.XL_fileReader.data_driven -->
